<?xml version="1.0" ?>
<coverage branch-rate="0.07692" branches-covered="2" branches-valid="26" complexity="0" line-rate="0.3415" lines-covered="42" lines-valid="123" timestamp="1538438222123" version="4.5.1">
	<!-- Generated by coverage.py: https://coverage.readthedocs.io -->
	<!-- Based on https://raw.githubusercontent.com/cobertura/web/master/htdocs/xml/coverage-04.dtd -->
	<sources>
		<source>/home/ubuntu/a_proxy</source>
	</sources>
	<packages>
		<package branch-rate="0.07692" complexity="0" line-rate="0.3415" name=".">
			<classes>
				<class branch-rate="0.07692" complexity="0" filename="a_proxy.py" line-rate="0.3415" name="a_proxy.py">
					<methods/>
					<lines>
						<line hits="1" number="4"/>
						<line hits="1" number="8"/>
						<line hits="1" number="9"/>
						<line hits="1" number="10"/>
						<line hits="1" number="11"/>
						<line hits="1" number="13"/>
						<line hits="1" number="17"/>
						<line hits="1" number="18"/>
						<line hits="1" number="20"/>
						<line hits="1" number="21"/>
						<line hits="0" number="22"/>
						<line hits="0" number="23"/>
						<line hits="1" number="25"/>
						<line hits="1" number="26"/>
						<line hits="0" number="27"/>
						<line hits="0" number="28"/>
						<line hits="1" number="30"/>
						<line branch="true" condition-coverage="100% (2/2)" hits="1" number="31"/>
						<line hits="1" number="34"/>
						<line hits="1" number="38"/>
						<line hits="1" number="40"/>
						<line hits="1" number="41"/>
						<line hits="1" number="42"/>
						<line hits="1" number="43"/>
						<line hits="0" number="45"/>
						<line hits="1" number="49"/>
						<line hits="0" number="51"/>
						<line hits="0" number="53"/>
						<line hits="0" number="54"/>
						<line branch="true" condition-coverage="0% (0/2)" hits="0" missing-branches="56,57" number="55"/>
						<line hits="0" number="56"/>
						<line hits="0" number="57"/>
						<line branch="true" condition-coverage="0% (0/2)" hits="0" missing-branches="59,70" number="58"/>
						<line hits="0" number="59"/>
						<line hits="0" number="60"/>
						<line hits="0" number="61"/>
						<line branch="true" condition-coverage="0% (0/2)" hits="0" missing-branches="66,69" number="65"/>
						<line hits="0" number="66"/>
						<line hits="0" number="67"/>
						<line hits="0" number="69"/>
						<line hits="0" number="70"/>
						<line branch="true" condition-coverage="0% (0/2)" hits="0" missing-branches="53,72" number="71"/>
						<line hits="0" number="72"/>
						<line hits="0" number="73"/>
						<line hits="0" number="74"/>
						<line hits="0" number="75"/>
						<line branch="true" condition-coverage="0% (0/2)" hits="0" missing-branches="77,80" number="76"/>
						<line hits="0" number="77"/>
						<line hits="0" number="78"/>
						<line hits="0" number="80"/>
						<line hits="1" number="84"/>
						<line hits="1" number="87"/>
						<line hits="0" number="88"/>
						<line hits="0" number="89"/>
						<line hits="0" number="90"/>
						<line hits="0" number="91"/>
						<line hits="0" number="92"/>
						<line hits="0" number="95"/>
						<line hits="0" number="96"/>
						<line hits="1" number="98"/>
						<line hits="0" number="99"/>
						<line hits="0" number="100"/>
						<line hits="0" number="101"/>
						<line hits="0" number="103"/>
						<line hits="0" number="104"/>
						<line hits="0" number="106"/>
						<line hits="0" number="107"/>
						<line hits="1" number="111"/>
						<line hits="1" number="114"/>
						<line hits="0" number="115"/>
						<line hits="0" number="116"/>
						<line hits="0" number="117"/>
						<line hits="0" number="118"/>
						<line hits="0" number="119"/>
						<line hits="0" number="120"/>
						<line hits="0" number="121"/>
						<line hits="0" number="122"/>
						<line hits="0" number="123"/>
						<line hits="1" number="125"/>
						<line hits="0" number="126"/>
						<line branch="true" condition-coverage="0% (0/2)" hits="0" missing-branches="exit,128" number="127"/>
						<line hits="0" number="128"/>
						<line hits="1" number="130"/>
						<line hits="0" number="132"/>
						<line hits="0" number="133"/>
						<line hits="0" number="134"/>
						<line hits="1" number="138"/>
						<line hits="1" number="142"/>
						<line hits="1" number="143"/>
						<line hits="1" number="144"/>
						<line hits="1" number="145"/>
						<line hits="1" number="146"/>
						<line hits="1" number="149"/>
						<line hits="0" number="151"/>
						<line hits="0" number="152"/>
						<line hits="1" number="154"/>
						<line hits="1" number="156"/>
						<line hits="1" number="157"/>
						<line hits="1" number="159"/>
						<line hits="0" number="161"/>
						<line hits="1" number="163"/>
						<line branch="true" condition-coverage="0% (0/2)" hits="0" missing-branches="166,172" number="165"/>
						<line branch="true" condition-coverage="0% (0/2)" hits="0" missing-branches="165,167" number="166"/>
						<line branch="true" condition-coverage="0% (0/2)" hits="0" missing-branches="168,170" number="167"/>
						<line hits="0" number="168"/>
						<line hits="0" number="170"/>
						<line branch="true" condition-coverage="0% (0/2)" hits="0" missing-branches="exit,173" number="172"/>
						<line branch="true" condition-coverage="0% (0/2)" hits="0" missing-branches="172,174" number="173"/>
						<line hits="0" number="174"/>
						<line hits="1" number="177"/>
						<line hits="0" number="179"/>
						<line hits="0" number="181"/>
						<line branch="true" condition-coverage="0% (0/2)" hits="0" missing-branches="183,186" number="182"/>
						<line hits="0" number="183"/>
						<line hits="0" number="184"/>
						<line hits="0" number="186"/>
						<line hits="0" number="187"/>
						<line hits="0" number="188"/>
						<line hits="0" number="189"/>
						<line hits="0" number="193"/>
						<line hits="0" number="194"/>
						<line hits="0" number="196"/>
						<line hits="1" number="200"/>
					</lines>
				</class>
			</classes>
		</package>
	</packages>
</coverage>
